::1 - - [22/May/2017:22:09:11 +0000] "GET /api/v1/user HTTP/1.1" 500 2091 "-" "Mozilla/5.0 (Macintosh; Intel Mac OS X 10_11_6) AppleWebKit/537.36 (KHTML, like Gecko) Chrome/58.0.3029.110 Safari/537.36"
::1 - - [22/May/2017:22:15:05 +0000] "GET /api/v1/user HTTP/1.1" 200 2 "-" "Mozilla/5.0 (Macintosh; Intel Mac OS X 10_11_6) AppleWebKit/537.36 (KHTML, like Gecko) Chrome/58.0.3029.110 Safari/537.36"
::1 - - [22/May/2017:22:15:07 +0000] "GET /api/v1/user HTTP/1.1" 304 - "-" "Mozilla/5.0 (Macintosh; Intel Mac OS X 10_11_6) AppleWebKit/537.36 (KHTML, like Gecko) Chrome/58.0.3029.110 Safari/537.36"
::1 - - [22/May/2017:22:15:54 +0000] "GET /api/v1/user/asdsa HTTP/1.1" 200 5 "-" "Mozilla/5.0 (Macintosh; Intel Mac OS X 10_11_6) AppleWebKit/537.36 (KHTML, like Gecko) Chrome/58.0.3029.110 Safari/537.36"
::1 - - [22/May/2017:22:15:55 +0000] "GET /api/v1/user/asdsa HTTP/1.1" 304 - "-" "Mozilla/5.0 (Macintosh; Intel Mac OS X 10_11_6) AppleWebKit/537.36 (KHTML, like Gecko) Chrome/58.0.3029.110 Safari/537.36"
::1 - - [22/May/2017:22:15:58 +0000] "GET /api/v1/user/asdasdsadsadasdas HTTP/1.1" 200 17 "-" "Mozilla/5.0 (Macintosh; Intel Mac OS X 10_11_6) AppleWebKit/537.36 (KHTML, like Gecko) Chrome/58.0.3029.110 Safari/537.36"
::1 - - [22/May/2017:22:16:35 +0000] "GET /api/v1/user/asdasdsadsadasdas HTTP/1.1" 304 - "-" "Mozilla/5.0 (Macintosh; Intel Mac OS X 10_11_6) AppleWebKit/537.36 (KHTML, like Gecko) Chrome/58.0.3029.110 Safari/537.36"
::1 - - [22/May/2017:22:16:37 +0000] "GET /api/v1/user/asdasdsadsadasdas HTTP/1.1" 304 - "-" "Mozilla/5.0 (Macintosh; Intel Mac OS X 10_11_6) AppleWebKit/537.36 (KHTML, like Gecko) Chrome/58.0.3029.110 Safari/537.36"
::1 - - [22/May/2017:22:16:38 +0000] "GET /api/v1/user/asdasdsadsadasdas HTTP/1.1" 304 - "-" "Mozilla/5.0 (Macintosh; Intel Mac OS X 10_11_6) AppleWebKit/537.36 (KHTML, like Gecko) Chrome/58.0.3029.110 Safari/537.36"
::1 - - [22/May/2017:22:16:41 +0000] "GET /api/v1/user/ssd HTTP/1.1" 200 3 "-" "Mozilla/5.0 (Macintosh; Intel Mac OS X 10_11_6) AppleWebKit/537.36 (KHTML, like Gecko) Chrome/58.0.3029.110 Safari/537.36"
::1 - - [22/May/2017:22:16:44 +0000] "GET /api/v1/user/ssdasdsa HTTP/1.1" 200 8 "-" "Mozilla/5.0 (Macintosh; Intel Mac OS X 10_11_6) AppleWebKit/537.36 (KHTML, like Gecko) Chrome/58.0.3029.110 Safari/537.36"
::1 - - [22/May/2017:22:25:49 +0000] "GET /api/v1/user HTTP/1.1" 200 - "-" "Mozilla/5.0 (Macintosh; Intel Mac OS X 10_11_6) AppleWebKit/537.36 (KHTML, like Gecko) Chrome/58.0.3029.110 Safari/537.36"
::1 - - [22/May/2017:22:25:51 +0000] "GET /api/v1/user HTTP/1.1" 200 - "-" "Mozilla/5.0 (Macintosh; Intel Mac OS X 10_11_6) AppleWebKit/537.36 (KHTML, like Gecko) Chrome/58.0.3029.110 Safari/537.36"
::1 - - [22/May/2017:22:25:52 +0000] "GET /api/v1/user HTTP/1.1" 200 - "-" "Mozilla/5.0 (Macintosh; Intel Mac OS X 10_11_6) AppleWebKit/537.36 (KHTML, like Gecko) Chrome/58.0.3029.110 Safari/537.36"
::1 - - [22/May/2017:22:25:52 +0000] "GET /api/v1/user HTTP/1.1" 200 - "-" "Mozilla/5.0 (Macintosh; Intel Mac OS X 10_11_6) AppleWebKit/537.36 (KHTML, like Gecko) Chrome/58.0.3029.110 Safari/537.36"
::1 - - [22/May/2017:22:26:13 +0000] "GET /api/v1/user HTTP/1.1" 404 21 "-" "Mozilla/5.0 (Macintosh; Intel Mac OS X 10_11_6) AppleWebKit/537.36 (KHTML, like Gecko) Chrome/58.0.3029.110 Safari/537.36"
::1 - - [22/May/2017:22:44:20 +0000] "GET /api/v1/user HTTP/1.1" 404 21 "-" "Mozilla/5.0 (Macintosh; Intel Mac OS X 10_11_6) AppleWebKit/537.36 (KHTML, like Gecko) Chrome/58.0.3029.110 Safari/537.36"
::1 - - [22/May/2017:22:44:23 +0000] "GET / HTTP/1.1" 200 5170 "-" "Mozilla/5.0 (Macintosh; Intel Mac OS X 10_11_6) AppleWebKit/537.36 (KHTML, like Gecko) Chrome/58.0.3029.110 Safari/537.36"
::1 - - [22/May/2017:22:44:25 +0000] "DELETE /api/v1/bootstrapingUser/all HTTP/1.1" 404 43 "http://localhost:5000/" "Mozilla/5.0 (Macintosh; Intel Mac OS X 10_11_6) AppleWebKit/537.36 (KHTML, like Gecko) Chrome/58.0.3029.110 Safari/537.36"
::1 - - [22/May/2017:22:44:25 +0000] "DELETE /api/v1/bootstrapingCounter/all HTTP/1.1" 404 46 "http://localhost:5000/" "Mozilla/5.0 (Macintosh; Intel Mac OS X 10_11_6) AppleWebKit/537.36 (KHTML, like Gecko) Chrome/58.0.3029.110 Safari/537.36"
::1 - - [22/May/2017:22:45:31 +0000] "GET / HTTP/1.1" 304 - "-" "Mozilla/5.0 (Macintosh; Intel Mac OS X 10_11_6) AppleWebKit/537.36 (KHTML, like Gecko) Chrome/58.0.3029.110 Safari/537.36"
::1 - - [22/May/2017:22:45:56 +0000] "GET / HTTP/1.1" 200 5170 "-" "Mozilla/5.0 (Macintosh; Intel Mac OS X 10_11_6) AppleWebKit/537.36 (KHTML, like Gecko) Chrome/58.0.3029.110 Safari/537.36"
::1 - - [22/May/2017:22:46:17 +0000] "DELETE /api/v1/bootstrapingUser/all HTTP/1.1" 404 43 "http://localhost:5000/" "Mozilla/5.0 (Macintosh; Intel Mac OS X 10_11_6) AppleWebKit/537.36 (KHTML, like Gecko) Chrome/58.0.3029.110 Safari/537.36"
::1 - - [22/May/2017:22:46:17 +0000] "DELETE /api/v1/bootstrapingCounter/all HTTP/1.1" 404 46 "http://localhost:5000/" "Mozilla/5.0 (Macintosh; Intel Mac OS X 10_11_6) AppleWebKit/537.36 (KHTML, like Gecko) Chrome/58.0.3029.110 Safari/537.36"
::1 - - [22/May/2017:22:46:44 +0000] "GET / HTTP/1.1" 200 5161 "-" "Mozilla/5.0 (Macintosh; Intel Mac OS X 10_11_6) AppleWebKit/537.36 (KHTML, like Gecko) Chrome/58.0.3029.110 Safari/537.36"
::1 - - [22/May/2017:22:47:14 +0000] "DELETE /api/v1/bootstrapingUser HTTP/1.1" 200 23 "http://localhost:5000/" "Mozilla/5.0 (Macintosh; Intel Mac OS X 10_11_6) AppleWebKit/537.36 (KHTML, like Gecko) Chrome/58.0.3029.110 Safari/537.36"
::1 - - [22/May/2017:22:47:15 +0000] "DELETE /api/v1/bootstrapingCounter HTTP/1.1" 500 2084 "http://localhost:5000/" "Mozilla/5.0 (Macintosh; Intel Mac OS X 10_11_6) AppleWebKit/537.36 (KHTML, like Gecko) Chrome/58.0.3029.110 Safari/537.36"
::1 - - [22/May/2017:22:51:56 +0000] "GET / HTTP/1.1" 200 5161 "-" "Mozilla/5.0 (Macintosh; Intel Mac OS X 10_11_6) AppleWebKit/537.36 (KHTML, like Gecko) Chrome/58.0.3029.110 Safari/537.36"
::1 - - [22/May/2017:22:51:58 +0000] "DELETE /api/v1/bootstrapingUser HTTP/1.1" 200 23 "http://localhost:5000/" "Mozilla/5.0 (Macintosh; Intel Mac OS X 10_11_6) AppleWebKit/537.36 (KHTML, like Gecko) Chrome/58.0.3029.110 Safari/537.36"
::1 - - [22/May/2017:22:52:03 +0000] "DELETE /api/v1/bootstrapingCounter HTTP/1.1" 500 2126 "http://localhost:5000/" "Mozilla/5.0 (Macintosh; Intel Mac OS X 10_11_6) AppleWebKit/537.36 (KHTML, like Gecko) Chrome/58.0.3029.110 Safari/537.36"
::1 - - [22/May/2017:22:52:21 +0000] "GET / HTTP/1.1" 304 - "-" "Mozilla/5.0 (Macintosh; Intel Mac OS X 10_11_6) AppleWebKit/537.36 (KHTML, like Gecko) Chrome/58.0.3029.110 Safari/537.36"
::1 - - [22/May/2017:22:52:24 +0000] "DELETE /api/v1/bootstrapingUser HTTP/1.1" 200 23 "http://localhost:5000/" "Mozilla/5.0 (Macintosh; Intel Mac OS X 10_11_6) AppleWebKit/537.36 (KHTML, like Gecko) Chrome/58.0.3029.110 Safari/537.36"
::1 - - [22/May/2017:22:52:31 +0000] "DELETE /api/v1/bootstrapingCounter HTTP/1.1" 200 26 "http://localhost:5000/" "Mozilla/5.0 (Macintosh; Intel Mac OS X 10_11_6) AppleWebKit/537.36 (KHTML, like Gecko) Chrome/58.0.3029.110 Safari/537.36"
::1 - - [22/May/2017:22:59:05 +0000] "GET / HTTP/1.1" 200 5165 "-" "Mozilla/5.0 (Macintosh; Intel Mac OS X 10_11_6) AppleWebKit/537.36 (KHTML, like Gecko) Chrome/58.0.3029.110 Safari/537.36"
::1 - - [22/May/2017:23:01:00 +0000] "DELETE /api/v1/bootstrapingUser HTTP/1.1" 200 23 "http://localhost:5000/" "Mozilla/5.0 (Macintosh; Intel Mac OS X 10_11_6) AppleWebKit/537.36 (KHTML, like Gecko) Chrome/58.0.3029.110 Safari/537.36"
::1 - - [22/May/2017:23:01:00 +0000] "DELETE /api/v1/bootstrapingCounter HTTP/1.1" 200 26 "http://localhost:5000/" "Mozilla/5.0 (Macintosh; Intel Mac OS X 10_11_6) AppleWebKit/537.36 (KHTML, like Gecko) Chrome/58.0.3029.110 Safari/537.36"
::1 - - [22/May/2017:23:01:00 +0000] "POST /api/v1/bootstrapingUser HTTP/1.1" 500 1757 "http://localhost:5000/" "Mozilla/5.0 (Macintosh; Intel Mac OS X 10_11_6) AppleWebKit/537.36 (KHTML, like Gecko) Chrome/58.0.3029.110 Safari/537.36"
::1 - - [22/May/2017:23:01:00 +0000] "POST /api/v1/bootstrapingUser HTTP/1.1" 500 1757 "http://localhost:5000/" "Mozilla/5.0 (Macintosh; Intel Mac OS X 10_11_6) AppleWebKit/537.36 (KHTML, like Gecko) Chrome/58.0.3029.110 Safari/537.36"
::1 - - [22/May/2017:23:01:00 +0000] "POST /api/v1/bootstrapingUser HTTP/1.1" 500 1757 "http://localhost:5000/" "Mozilla/5.0 (Macintosh; Intel Mac OS X 10_11_6) AppleWebKit/537.36 (KHTML, like Gecko) Chrome/58.0.3029.110 Safari/537.36"
::1 - - [22/May/2017:23:01:00 +0000] "POST /api/v1/bootstrapingUser HTTP/1.1" 500 1757 "http://localhost:5000/" "Mozilla/5.0 (Macintosh; Intel Mac OS X 10_11_6) AppleWebKit/537.36 (KHTML, like Gecko) Chrome/58.0.3029.110 Safari/537.36"
::1 - - [22/May/2017:23:01:00 +0000] "POST /api/v1/bootstrapingUser HTTP/1.1" 500 1757 "http://localhost:5000/" "Mozilla/5.0 (Macintosh; Intel Mac OS X 10_11_6) AppleWebKit/537.36 (KHTML, like Gecko) Chrome/58.0.3029.110 Safari/537.36"
::1 - - [22/May/2017:23:01:00 +0000] "POST /api/v1/bootstrapingUser HTTP/1.1" 500 1757 "http://localhost:5000/" "Mozilla/5.0 (Macintosh; Intel Mac OS X 10_11_6) AppleWebKit/537.36 (KHTML, like Gecko) Chrome/58.0.3029.110 Safari/537.36"
::1 - - [22/May/2017:23:01:00 +0000] "POST /api/v1/bootstrapingCounter HTTP/1.1" 200 56 "http://localhost:5000/" "Mozilla/5.0 (Macintosh; Intel Mac OS X 10_11_6) AppleWebKit/537.36 (KHTML, like Gecko) Chrome/58.0.3029.110 Safari/537.36"
::1 - - [22/May/2017:23:01:00 +0000] "POST /api/v1/bootstrapingCounter HTTP/1.1" 200 55 "http://localhost:5000/" "Mozilla/5.0 (Macintosh; Intel Mac OS X 10_11_6) AppleWebKit/537.36 (KHTML, like Gecko) Chrome/58.0.3029.110 Safari/537.36"
::1 - - [22/May/2017:23:08:53 +0000] "GET / HTTP/1.1" 200 5165 "-" "Mozilla/5.0 (Macintosh; Intel Mac OS X 10_11_6) AppleWebKit/537.36 (KHTML, like Gecko) Chrome/58.0.3029.110 Safari/537.36"
::1 - - [22/May/2017:23:08:54 +0000] "GET / HTTP/1.1" 304 - "-" "Mozilla/5.0 (Macintosh; Intel Mac OS X 10_11_6) AppleWebKit/537.36 (KHTML, like Gecko) Chrome/58.0.3029.110 Safari/537.36"
::1 - - [22/May/2017:23:08:55 +0000] "DELETE /api/v1/bootstrapingUser HTTP/1.1" 200 23 "http://localhost:5000/" "Mozilla/5.0 (Macintosh; Intel Mac OS X 10_11_6) AppleWebKit/537.36 (KHTML, like Gecko) Chrome/58.0.3029.110 Safari/537.36"
::1 - - [22/May/2017:23:08:55 +0000] "DELETE /api/v1/bootstrapingCounter HTTP/1.1" 200 26 "http://localhost:5000/" "Mozilla/5.0 (Macintosh; Intel Mac OS X 10_11_6) AppleWebKit/537.36 (KHTML, like Gecko) Chrome/58.0.3029.110 Safari/537.36"
::1 - - [22/May/2017:23:08:56 +0000] "POST /api/v1/bootstrapingCounter HTTP/1.1" 200 56 "http://localhost:5000/" "Mozilla/5.0 (Macintosh; Intel Mac OS X 10_11_6) AppleWebKit/537.36 (KHTML, like Gecko) Chrome/58.0.3029.110 Safari/537.36"
::1 - - [22/May/2017:23:08:56 +0000] "POST /api/v1/bootstrapingUser HTTP/1.1" 500 82 "http://localhost:5000/" "Mozilla/5.0 (Macintosh; Intel Mac OS X 10_11_6) AppleWebKit/537.36 (KHTML, like Gecko) Chrome/58.0.3029.110 Safari/537.36"
::1 - - [22/May/2017:23:08:56 +0000] "POST /api/v1/bootstrapingUser HTTP/1.1" 500 82 "http://localhost:5000/" "Mozilla/5.0 (Macintosh; Intel Mac OS X 10_11_6) AppleWebKit/537.36 (KHTML, like Gecko) Chrome/58.0.3029.110 Safari/537.36"
::1 - - [22/May/2017:23:08:56 +0000] "POST /api/v1/bootstrapingUser HTTP/1.1" 500 82 "http://localhost:5000/" "Mozilla/5.0 (Macintosh; Intel Mac OS X 10_11_6) AppleWebKit/537.36 (KHTML, like Gecko) Chrome/58.0.3029.110 Safari/537.36"
::1 - - [22/May/2017:23:08:56 +0000] "POST /api/v1/bootstrapingUser HTTP/1.1" 500 82 "http://localhost:5000/" "Mozilla/5.0 (Macintosh; Intel Mac OS X 10_11_6) AppleWebKit/537.36 (KHTML, like Gecko) Chrome/58.0.3029.110 Safari/537.36"
::1 - - [22/May/2017:23:08:56 +0000] "POST /api/v1/bootstrapingUser HTTP/1.1" 500 82 "http://localhost:5000/" "Mozilla/5.0 (Macintosh; Intel Mac OS X 10_11_6) AppleWebKit/537.36 (KHTML, like Gecko) Chrome/58.0.3029.110 Safari/537.36"
::1 - - [22/May/2017:23:08:56 +0000] "POST /api/v1/bootstrapingUser HTTP/1.1" 500 82 "http://localhost:5000/" "Mozilla/5.0 (Macintosh; Intel Mac OS X 10_11_6) AppleWebKit/537.36 (KHTML, like Gecko) Chrome/58.0.3029.110 Safari/537.36"
::1 - - [22/May/2017:23:08:56 +0000] "POST /api/v1/bootstrapingCounter HTTP/1.1" 200 55 "http://localhost:5000/" "Mozilla/5.0 (Macintosh; Intel Mac OS X 10_11_6) AppleWebKit/537.36 (KHTML, like Gecko) Chrome/58.0.3029.110 Safari/537.36"
::1 - - [22/May/2017:23:09:30 +0000] "GET / HTTP/1.1" 304 - "-" "Mozilla/5.0 (Macintosh; Intel Mac OS X 10_11_6) AppleWebKit/537.36 (KHTML, like Gecko) Chrome/58.0.3029.110 Safari/537.36"
::1 - - [22/May/2017:23:09:52 +0000] "GET / HTTP/1.1" 304 - "-" "Mozilla/5.0 (Macintosh; Intel Mac OS X 10_11_6) AppleWebKit/537.36 (KHTML, like Gecko) Chrome/58.0.3029.110 Safari/537.36"
::1 - - [22/May/2017:23:09:59 +0000] "DELETE /api/v1/bootstrapingUser HTTP/1.1" 200 23 "http://localhost:5000/" "Mozilla/5.0 (Macintosh; Intel Mac OS X 10_11_6) AppleWebKit/537.36 (KHTML, like Gecko) Chrome/58.0.3029.110 Safari/537.36"
::1 - - [22/May/2017:23:09:59 +0000] "DELETE /api/v1/bootstrapingCounter HTTP/1.1" 200 26 "http://localhost:5000/" "Mozilla/5.0 (Macintosh; Intel Mac OS X 10_11_6) AppleWebKit/537.36 (KHTML, like Gecko) Chrome/58.0.3029.110 Safari/537.36"
::1 - - [22/May/2017:23:11:12 +0000] "POST /api/v1/bootstrapingUser HTTP/1.1" 500 82 "http://localhost:5000/" "Mozilla/5.0 (Macintosh; Intel Mac OS X 10_11_6) AppleWebKit/537.36 (KHTML, like Gecko) Chrome/58.0.3029.110 Safari/537.36"
::1 - - [22/May/2017:23:12:05 +0000] "GET / HTTP/1.1" 304 - "-" "Mozilla/5.0 (Macintosh; Intel Mac OS X 10_11_6) AppleWebKit/537.36 (KHTML, like Gecko) Chrome/58.0.3029.110 Safari/537.36"
::1 - - [22/May/2017:23:12:08 +0000] "DELETE /api/v1/bootstrapingUser HTTP/1.1" 200 23 "http://localhost:5000/" "Mozilla/5.0 (Macintosh; Intel Mac OS X 10_11_6) AppleWebKit/537.36 (KHTML, like Gecko) Chrome/58.0.3029.110 Safari/537.36"
::1 - - [22/May/2017:23:12:08 +0000] "DELETE /api/v1/bootstrapingCounter HTTP/1.1" 200 26 "http://localhost:5000/" "Mozilla/5.0 (Macintosh; Intel Mac OS X 10_11_6) AppleWebKit/537.36 (KHTML, like Gecko) Chrome/58.0.3029.110 Safari/537.36"
::1 - - [22/May/2017:23:12:08 +0000] "POST /api/v1/bootstrapingCounter HTTP/1.1" 200 56 "http://localhost:5000/" "Mozilla/5.0 (Macintosh; Intel Mac OS X 10_11_6) AppleWebKit/537.36 (KHTML, like Gecko) Chrome/58.0.3029.110 Safari/537.36"
::1 - - [22/May/2017:23:12:08 +0000] "POST /api/v1/bootstrapingCounter HTTP/1.1" 200 55 "http://localhost:5000/" "Mozilla/5.0 (Macintosh; Intel Mac OS X 10_11_6) AppleWebKit/537.36 (KHTML, like Gecko) Chrome/58.0.3029.110 Safari/537.36"
::1 - - [22/May/2017:23:12:14 +0000] "POST /api/v1/bootstrapingUser HTTP/1.1" 500 57 "http://localhost:5000/" "Mozilla/5.0 (Macintosh; Intel Mac OS X 10_11_6) AppleWebKit/537.36 (KHTML, like Gecko) Chrome/58.0.3029.110 Safari/537.36"
::1 - - [22/May/2017:23:12:14 +0000] "POST /api/v1/bootstrapingUser HTTP/1.1" 500 57 "http://localhost:5000/" "Mozilla/5.0 (Macintosh; Intel Mac OS X 10_11_6) AppleWebKit/537.36 (KHTML, like Gecko) Chrome/58.0.3029.110 Safari/537.36"
::1 - - [22/May/2017:23:12:14 +0000] "POST /api/v1/bootstrapingUser HTTP/1.1" 500 57 "http://localhost:5000/" "Mozilla/5.0 (Macintosh; Intel Mac OS X 10_11_6) AppleWebKit/537.36 (KHTML, like Gecko) Chrome/58.0.3029.110 Safari/537.36"
::1 - - [22/May/2017:23:12:14 +0000] "POST /api/v1/bootstrapingUser HTTP/1.1" 500 57 "http://localhost:5000/" "Mozilla/5.0 (Macintosh; Intel Mac OS X 10_11_6) AppleWebKit/537.36 (KHTML, like Gecko) Chrome/58.0.3029.110 Safari/537.36"
::1 - - [22/May/2017:23:12:14 +0000] "POST /api/v1/bootstrapingUser HTTP/1.1" 500 57 "http://localhost:5000/" "Mozilla/5.0 (Macintosh; Intel Mac OS X 10_11_6) AppleWebKit/537.36 (KHTML, like Gecko) Chrome/58.0.3029.110 Safari/537.36"
::1 - - [22/May/2017:23:12:14 +0000] "POST /api/v1/bootstrapingUser HTTP/1.1" 500 57 "http://localhost:5000/" "Mozilla/5.0 (Macintosh; Intel Mac OS X 10_11_6) AppleWebKit/537.36 (KHTML, like Gecko) Chrome/58.0.3029.110 Safari/537.36"
::1 - - [22/May/2017:23:12:29 +0000] "DELETE /api/v1/bootstrapingUser HTTP/1.1" 200 23 "http://localhost:5000/" "Mozilla/5.0 (Macintosh; Intel Mac OS X 10_11_6) AppleWebKit/537.36 (KHTML, like Gecko) Chrome/58.0.3029.110 Safari/537.36"
::1 - - [22/May/2017:23:12:29 +0000] "DELETE /api/v1/bootstrapingCounter HTTP/1.1" 200 26 "http://localhost:5000/" "Mozilla/5.0 (Macintosh; Intel Mac OS X 10_11_6) AppleWebKit/537.36 (KHTML, like Gecko) Chrome/58.0.3029.110 Safari/537.36"
::1 - - [22/May/2017:23:12:29 +0000] "POST /api/v1/bootstrapingCounter HTTP/1.1" 200 56 "http://localhost:5000/" "Mozilla/5.0 (Macintosh; Intel Mac OS X 10_11_6) AppleWebKit/537.36 (KHTML, like Gecko) Chrome/58.0.3029.110 Safari/537.36"
::1 - - [22/May/2017:23:14:35 +0000] "GET / HTTP/1.1" 304 - "-" "Mozilla/5.0 (Macintosh; Intel Mac OS X 10_11_6) AppleWebKit/537.36 (KHTML, like Gecko) Chrome/58.0.3029.110 Safari/537.36"
::1 - - [22/May/2017:23:14:38 +0000] "DELETE /api/v1/bootstrapingUser HTTP/1.1" 200 23 "http://localhost:5000/" "Mozilla/5.0 (Macintosh; Intel Mac OS X 10_11_6) AppleWebKit/537.36 (KHTML, like Gecko) Chrome/58.0.3029.110 Safari/537.36"
::1 - - [22/May/2017:23:14:38 +0000] "DELETE /api/v1/bootstrapingCounter HTTP/1.1" 200 26 "http://localhost:5000/" "Mozilla/5.0 (Macintosh; Intel Mac OS X 10_11_6) AppleWebKit/537.36 (KHTML, like Gecko) Chrome/58.0.3029.110 Safari/537.36"
::1 - - [22/May/2017:23:14:38 +0000] "POST /api/v1/bootstrapingCounter HTTP/1.1" 200 56 "http://localhost:5000/" "Mozilla/5.0 (Macintosh; Intel Mac OS X 10_11_6) AppleWebKit/537.36 (KHTML, like Gecko) Chrome/58.0.3029.110 Safari/537.36"
::1 - - [22/May/2017:23:14:38 +0000] "POST /api/v1/bootstrapingCounter HTTP/1.1" 200 55 "http://localhost:5000/" "Mozilla/5.0 (Macintosh; Intel Mac OS X 10_11_6) AppleWebKit/537.36 (KHTML, like Gecko) Chrome/58.0.3029.110 Safari/537.36"
::1 - - [22/May/2017:23:14:38 +0000] "POST /api/v1/bootstrapingUser HTTP/1.1" 200 259 "http://localhost:5000/" "Mozilla/5.0 (Macintosh; Intel Mac OS X 10_11_6) AppleWebKit/537.36 (KHTML, like Gecko) Chrome/58.0.3029.110 Safari/537.36"
::1 - - [22/May/2017:23:14:38 +0000] "POST /api/v1/bootstrapingUser HTTP/1.1" 200 273 "http://localhost:5000/" "Mozilla/5.0 (Macintosh; Intel Mac OS X 10_11_6) AppleWebKit/537.36 (KHTML, like Gecko) Chrome/58.0.3029.110 Safari/537.36"
::1 - - [22/May/2017:23:14:38 +0000] "POST /api/v1/bootstrapingUser HTTP/1.1" 200 276 "http://localhost:5000/" "Mozilla/5.0 (Macintosh; Intel Mac OS X 10_11_6) AppleWebKit/537.36 (KHTML, like Gecko) Chrome/58.0.3029.110 Safari/537.36"
::1 - - [22/May/2017:23:14:38 +0000] "POST /api/v1/bootstrapingUser HTTP/1.1" 200 253 "http://localhost:5000/" "Mozilla/5.0 (Macintosh; Intel Mac OS X 10_11_6) AppleWebKit/537.36 (KHTML, like Gecko) Chrome/58.0.3029.110 Safari/537.36"
::1 - - [22/May/2017:23:14:38 +0000] "POST /api/v1/bootstrapingUser HTTP/1.1" 200 269 "http://localhost:5000/" "Mozilla/5.0 (Macintosh; Intel Mac OS X 10_11_6) AppleWebKit/537.36 (KHTML, like Gecko) Chrome/58.0.3029.110 Safari/537.36"
::1 - - [22/May/2017:23:14:38 +0000] "POST /api/v1/bootstrapingUser HTTP/1.1" 200 242 "http://localhost:5000/" "Mozilla/5.0 (Macintosh; Intel Mac OS X 10_11_6) AppleWebKit/537.36 (KHTML, like Gecko) Chrome/58.0.3029.110 Safari/537.36"
::1 - - [22/May/2017:23:14:57 +0000] "GET /api/v1/user HTTP/1.1" 200 1534 "-" "Mozilla/5.0 (Macintosh; Intel Mac OS X 10_11_6) AppleWebKit/537.36 (KHTML, like Gecko) Chrome/58.0.3029.110 Safari/537.36"
::1 - - [22/May/2017:23:16:55 +0000] "GET /api/v1/counter HTTP/1.1" 200 102 "-" "Mozilla/5.0 (Macintosh; Intel Mac OS X 10_11_6) AppleWebKit/537.36 (KHTML, like Gecko) Chrome/58.0.3029.110 Safari/537.36"
::1 - - [22/May/2017:23:21:16 +0000] "GET / HTTP/1.1" 304 - "-" "Mozilla/5.0 (Macintosh; Intel Mac OS X 10_11_6) AppleWebKit/537.36 (KHTML, like Gecko) Chrome/58.0.3029.110 Safari/537.36"
::1 - - [22/May/2017:23:21:18 +0000] "DELETE /api/v1/bootstrapingUser HTTP/1.1" 200 23 "http://localhost:5000/" "Mozilla/5.0 (Macintosh; Intel Mac OS X 10_11_6) AppleWebKit/537.36 (KHTML, like Gecko) Chrome/58.0.3029.110 Safari/537.36"
::1 - - [22/May/2017:23:21:18 +0000] "DELETE /api/v1/bootstrapingCounter HTTP/1.1" 200 26 "http://localhost:5000/" "Mozilla/5.0 (Macintosh; Intel Mac OS X 10_11_6) AppleWebKit/537.36 (KHTML, like Gecko) Chrome/58.0.3029.110 Safari/537.36"
::1 - - [22/May/2017:23:21:18 +0000] "POST /api/v1/bootstrapingUser HTTP/1.1" 500 52 "http://localhost:5000/" "Mozilla/5.0 (Macintosh; Intel Mac OS X 10_11_6) AppleWebKit/537.36 (KHTML, like Gecko) Chrome/58.0.3029.110 Safari/537.36"
::1 - - [22/May/2017:23:21:18 +0000] "POST /api/v1/bootstrapingUser HTTP/1.1" 500 52 "http://localhost:5000/" "Mozilla/5.0 (Macintosh; Intel Mac OS X 10_11_6) AppleWebKit/537.36 (KHTML, like Gecko) Chrome/58.0.3029.110 Safari/537.36"
::1 - - [22/May/2017:23:21:18 +0000] "POST /api/v1/bootstrapingUser HTTP/1.1" 500 52 "http://localhost:5000/" "Mozilla/5.0 (Macintosh; Intel Mac OS X 10_11_6) AppleWebKit/537.36 (KHTML, like Gecko) Chrome/58.0.3029.110 Safari/537.36"
::1 - - [22/May/2017:23:21:18 +0000] "POST /api/v1/bootstrapingUser HTTP/1.1" 500 52 "http://localhost:5000/" "Mozilla/5.0 (Macintosh; Intel Mac OS X 10_11_6) AppleWebKit/537.36 (KHTML, like Gecko) Chrome/58.0.3029.110 Safari/537.36"
::1 - - [22/May/2017:23:21:18 +0000] "POST /api/v1/bootstrapingUser HTTP/1.1" 500 52 "http://localhost:5000/" "Mozilla/5.0 (Macintosh; Intel Mac OS X 10_11_6) AppleWebKit/537.36 (KHTML, like Gecko) Chrome/58.0.3029.110 Safari/537.36"
::1 - - [22/May/2017:23:21:18 +0000] "POST /api/v1/bootstrapingUser HTTP/1.1" 500 52 "http://localhost:5000/" "Mozilla/5.0 (Macintosh; Intel Mac OS X 10_11_6) AppleWebKit/537.36 (KHTML, like Gecko) Chrome/58.0.3029.110 Safari/537.36"
::1 - - [22/May/2017:23:21:18 +0000] "POST /api/v1/bootstrapingCounter HTTP/1.1" 200 56 "http://localhost:5000/" "Mozilla/5.0 (Macintosh; Intel Mac OS X 10_11_6) AppleWebKit/537.36 (KHTML, like Gecko) Chrome/58.0.3029.110 Safari/537.36"
::1 - - [22/May/2017:23:21:18 +0000] "POST /api/v1/bootstrapingCounter HTTP/1.1" 200 55 "http://localhost:5000/" "Mozilla/5.0 (Macintosh; Intel Mac OS X 10_11_6) AppleWebKit/537.36 (KHTML, like Gecko) Chrome/58.0.3029.110 Safari/537.36"
::1 - - [22/May/2017:23:22:36 +0000] "GET / HTTP/1.1" 304 - "-" "Mozilla/5.0 (Macintosh; Intel Mac OS X 10_11_6) AppleWebKit/537.36 (KHTML, like Gecko) Chrome/58.0.3029.110 Safari/537.36"
::1 - - [22/May/2017:23:22:38 +0000] "DELETE /api/v1/bootstrapingUser HTTP/1.1" 200 23 "http://localhost:5000/" "Mozilla/5.0 (Macintosh; Intel Mac OS X 10_11_6) AppleWebKit/537.36 (KHTML, like Gecko) Chrome/58.0.3029.110 Safari/537.36"
::1 - - [22/May/2017:23:22:38 +0000] "DELETE /api/v1/bootstrapingCounter HTTP/1.1" 200 26 "http://localhost:5000/" "Mozilla/5.0 (Macintosh; Intel Mac OS X 10_11_6) AppleWebKit/537.36 (KHTML, like Gecko) Chrome/58.0.3029.110 Safari/537.36"
::1 - - [22/May/2017:23:22:38 +0000] "POST /api/v1/bootstrapingCounter HTTP/1.1" 200 56 "http://localhost:5000/" "Mozilla/5.0 (Macintosh; Intel Mac OS X 10_11_6) AppleWebKit/537.36 (KHTML, like Gecko) Chrome/58.0.3029.110 Safari/537.36"
::1 - - [22/May/2017:23:22:38 +0000] "POST /api/v1/bootstrapingUser HTTP/1.1" 500 1696 "http://localhost:5000/" "Mozilla/5.0 (Macintosh; Intel Mac OS X 10_11_6) AppleWebKit/537.36 (KHTML, like Gecko) Chrome/58.0.3029.110 Safari/537.36"
::1 - - [22/May/2017:23:22:38 +0000] "POST /api/v1/bootstrapingUser HTTP/1.1" 500 1696 "http://localhost:5000/" "Mozilla/5.0 (Macintosh; Intel Mac OS X 10_11_6) AppleWebKit/537.36 (KHTML, like Gecko) Chrome/58.0.3029.110 Safari/537.36"
::1 - - [22/May/2017:23:22:38 +0000] "POST /api/v1/bootstrapingUser HTTP/1.1" 500 1696 "http://localhost:5000/" "Mozilla/5.0 (Macintosh; Intel Mac OS X 10_11_6) AppleWebKit/537.36 (KHTML, like Gecko) Chrome/58.0.3029.110 Safari/537.36"
::1 - - [22/May/2017:23:22:38 +0000] "POST /api/v1/bootstrapingUser HTTP/1.1" 500 1696 "http://localhost:5000/" "Mozilla/5.0 (Macintosh; Intel Mac OS X 10_11_6) AppleWebKit/537.36 (KHTML, like Gecko) Chrome/58.0.3029.110 Safari/537.36"
::1 - - [22/May/2017:23:22:38 +0000] "POST /api/v1/bootstrapingUser HTTP/1.1" 500 1696 "http://localhost:5000/" "Mozilla/5.0 (Macintosh; Intel Mac OS X 10_11_6) AppleWebKit/537.36 (KHTML, like Gecko) Chrome/58.0.3029.110 Safari/537.36"
::1 - - [22/May/2017:23:22:38 +0000] "POST /api/v1/bootstrapingUser HTTP/1.1" 500 1696 "http://localhost:5000/" "Mozilla/5.0 (Macintosh; Intel Mac OS X 10_11_6) AppleWebKit/537.36 (KHTML, like Gecko) Chrome/58.0.3029.110 Safari/537.36"
::1 - - [22/May/2017:23:22:38 +0000] "POST /api/v1/bootstrapingCounter HTTP/1.1" 200 55 "http://localhost:5000/" "Mozilla/5.0 (Macintosh; Intel Mac OS X 10_11_6) AppleWebKit/537.36 (KHTML, like Gecko) Chrome/58.0.3029.110 Safari/537.36"
::1 - - [22/May/2017:23:22:40 +0000] "GET / HTTP/1.1" 304 - "-" "Mozilla/5.0 (Macintosh; Intel Mac OS X 10_11_6) AppleWebKit/537.36 (KHTML, like Gecko) Chrome/58.0.3029.110 Safari/537.36"
::1 - - [22/May/2017:23:22:43 +0000] "DELETE /api/v1/bootstrapingUser HTTP/1.1" 200 23 "http://localhost:5000/" "Mozilla/5.0 (Macintosh; Intel Mac OS X 10_11_6) AppleWebKit/537.36 (KHTML, like Gecko) Chrome/58.0.3029.110 Safari/537.36"
::1 - - [22/May/2017:23:22:43 +0000] "DELETE /api/v1/bootstrapingCounter HTTP/1.1" 200 26 "http://localhost:5000/" "Mozilla/5.0 (Macintosh; Intel Mac OS X 10_11_6) AppleWebKit/537.36 (KHTML, like Gecko) Chrome/58.0.3029.110 Safari/537.36"
::1 - - [22/May/2017:23:22:43 +0000] "POST /api/v1/bootstrapingCounter HTTP/1.1" 200 56 "http://localhost:5000/" "Mozilla/5.0 (Macintosh; Intel Mac OS X 10_11_6) AppleWebKit/537.36 (KHTML, like Gecko) Chrome/58.0.3029.110 Safari/537.36"
::1 - - [22/May/2017:23:22:43 +0000] "POST /api/v1/bootstrapingCounter HTTP/1.1" 200 55 "http://localhost:5000/" "Mozilla/5.0 (Macintosh; Intel Mac OS X 10_11_6) AppleWebKit/537.36 (KHTML, like Gecko) Chrome/58.0.3029.110 Safari/537.36"
::1 - - [22/May/2017:23:22:43 +0000] "POST /api/v1/bootstrapingUser HTTP/1.1" 500 1696 "http://localhost:5000/" "Mozilla/5.0 (Macintosh; Intel Mac OS X 10_11_6) AppleWebKit/537.36 (KHTML, like Gecko) Chrome/58.0.3029.110 Safari/537.36"
::1 - - [22/May/2017:23:22:43 +0000] "POST /api/v1/bootstrapingUser HTTP/1.1" 500 1696 "http://localhost:5000/" "Mozilla/5.0 (Macintosh; Intel Mac OS X 10_11_6) AppleWebKit/537.36 (KHTML, like Gecko) Chrome/58.0.3029.110 Safari/537.36"
::1 - - [22/May/2017:23:22:43 +0000] "POST /api/v1/bootstrapingUser HTTP/1.1" 500 1696 "http://localhost:5000/" "Mozilla/5.0 (Macintosh; Intel Mac OS X 10_11_6) AppleWebKit/537.36 (KHTML, like Gecko) Chrome/58.0.3029.110 Safari/537.36"
::1 - - [22/May/2017:23:22:43 +0000] "POST /api/v1/bootstrapingUser HTTP/1.1" 500 1696 "http://localhost:5000/" "Mozilla/5.0 (Macintosh; Intel Mac OS X 10_11_6) AppleWebKit/537.36 (KHTML, like Gecko) Chrome/58.0.3029.110 Safari/537.36"
::1 - - [22/May/2017:23:22:43 +0000] "POST /api/v1/bootstrapingUser HTTP/1.1" 500 1696 "http://localhost:5000/" "Mozilla/5.0 (Macintosh; Intel Mac OS X 10_11_6) AppleWebKit/537.36 (KHTML, like Gecko) Chrome/58.0.3029.110 Safari/537.36"
::1 - - [22/May/2017:23:22:43 +0000] "POST /api/v1/bootstrapingUser HTTP/1.1" 500 1696 "http://localhost:5000/" "Mozilla/5.0 (Macintosh; Intel Mac OS X 10_11_6) AppleWebKit/537.36 (KHTML, like Gecko) Chrome/58.0.3029.110 Safari/537.36"
::1 - - [22/May/2017:23:23:19 +0000] "GET / HTTP/1.1" 304 - "-" "Mozilla/5.0 (Macintosh; Intel Mac OS X 10_11_6) AppleWebKit/537.36 (KHTML, like Gecko) Chrome/58.0.3029.110 Safari/537.36"
::1 - - [22/May/2017:23:23:20 +0000] "GET / HTTP/1.1" 304 - "-" "Mozilla/5.0 (Macintosh; Intel Mac OS X 10_11_6) AppleWebKit/537.36 (KHTML, like Gecko) Chrome/58.0.3029.110 Safari/537.36"
::1 - - [22/May/2017:23:23:23 +0000] "DELETE /api/v1/bootstrapingUser HTTP/1.1" 200 23 "http://localhost:5000/" "Mozilla/5.0 (Macintosh; Intel Mac OS X 10_11_6) AppleWebKit/537.36 (KHTML, like Gecko) Chrome/58.0.3029.110 Safari/537.36"
::1 - - [22/May/2017:23:23:23 +0000] "DELETE /api/v1/bootstrapingCounter HTTP/1.1" 200 26 "http://localhost:5000/" "Mozilla/5.0 (Macintosh; Intel Mac OS X 10_11_6) AppleWebKit/537.36 (KHTML, like Gecko) Chrome/58.0.3029.110 Safari/537.36"
::1 - - [22/May/2017:23:23:23 +0000] "POST /api/v1/bootstrapingCounter HTTP/1.1" 200 56 "http://localhost:5000/" "Mozilla/5.0 (Macintosh; Intel Mac OS X 10_11_6) AppleWebKit/537.36 (KHTML, like Gecko) Chrome/58.0.3029.110 Safari/537.36"
::1 - - [22/May/2017:23:23:23 +0000] "POST /api/v1/bootstrapingCounter HTTP/1.1" 200 55 "http://localhost:5000/" "Mozilla/5.0 (Macintosh; Intel Mac OS X 10_11_6) AppleWebKit/537.36 (KHTML, like Gecko) Chrome/58.0.3029.110 Safari/537.36"
::1 - - [22/May/2017:23:23:41 +0000] "GET / HTTP/1.1" 304 - "-" "Mozilla/5.0 (Macintosh; Intel Mac OS X 10_11_6) AppleWebKit/537.36 (KHTML, like Gecko) Chrome/58.0.3029.110 Safari/537.36"
::1 - - [22/May/2017:23:23:43 +0000] "DELETE /api/v1/bootstrapingUser HTTP/1.1" 200 23 "http://localhost:5000/" "Mozilla/5.0 (Macintosh; Intel Mac OS X 10_11_6) AppleWebKit/537.36 (KHTML, like Gecko) Chrome/58.0.3029.110 Safari/537.36"
::1 - - [22/May/2017:23:23:43 +0000] "DELETE /api/v1/bootstrapingCounter HTTP/1.1" 200 26 "http://localhost:5000/" "Mozilla/5.0 (Macintosh; Intel Mac OS X 10_11_6) AppleWebKit/537.36 (KHTML, like Gecko) Chrome/58.0.3029.110 Safari/537.36"
::1 - - [22/May/2017:23:23:43 +0000] "POST /api/v1/bootstrapingCounter HTTP/1.1" 200 56 "http://localhost:5000/" "Mozilla/5.0 (Macintosh; Intel Mac OS X 10_11_6) AppleWebKit/537.36 (KHTML, like Gecko) Chrome/58.0.3029.110 Safari/537.36"
::1 - - [22/May/2017:23:23:44 +0000] "POST /api/v1/bootstrapingCounter HTTP/1.1" 200 55 "http://localhost:5000/" "Mozilla/5.0 (Macintosh; Intel Mac OS X 10_11_6) AppleWebKit/537.36 (KHTML, like Gecko) Chrome/58.0.3029.110 Safari/537.36"
::1 - - [22/May/2017:23:23:44 +0000] "POST /api/v1/bootstrapingUser HTTP/1.1" 200 253 "http://localhost:5000/" "Mozilla/5.0 (Macintosh; Intel Mac OS X 10_11_6) AppleWebKit/537.36 (KHTML, like Gecko) Chrome/58.0.3029.110 Safari/537.36"
::1 - - [22/May/2017:23:23:44 +0000] "POST /api/v1/bootstrapingUser HTTP/1.1" 200 237 "http://localhost:5000/" "Mozilla/5.0 (Macintosh; Intel Mac OS X 10_11_6) AppleWebKit/537.36 (KHTML, like Gecko) Chrome/58.0.3029.110 Safari/537.36"
::1 - - [22/May/2017:23:23:44 +0000] "POST /api/v1/bootstrapingUser HTTP/1.1" 200 243 "http://localhost:5000/" "Mozilla/5.0 (Macintosh; Intel Mac OS X 10_11_6) AppleWebKit/537.36 (KHTML, like Gecko) Chrome/58.0.3029.110 Safari/537.36"
::1 - - [22/May/2017:23:23:44 +0000] "POST /api/v1/bootstrapingUser HTTP/1.1" 200 257 "http://localhost:5000/" "Mozilla/5.0 (Macintosh; Intel Mac OS X 10_11_6) AppleWebKit/537.36 (KHTML, like Gecko) Chrome/58.0.3029.110 Safari/537.36"
::1 - - [22/May/2017:23:23:44 +0000] "POST /api/v1/bootstrapingUser HTTP/1.1" 200 260 "http://localhost:5000/" "Mozilla/5.0 (Macintosh; Intel Mac OS X 10_11_6) AppleWebKit/537.36 (KHTML, like Gecko) Chrome/58.0.3029.110 Safari/537.36"
::1 - - [22/May/2017:23:23:44 +0000] "POST /api/v1/bootstrapingUser HTTP/1.1" 200 226 "http://localhost:5000/" "Mozilla/5.0 (Macintosh; Intel Mac OS X 10_11_6) AppleWebKit/537.36 (KHTML, like Gecko) Chrome/58.0.3029.110 Safari/537.36"
::1 - - [22/May/2017:23:23:46 +0000] "GET /api/v1/user HTTP/1.1" 200 1438 "-" "Mozilla/5.0 (Macintosh; Intel Mac OS X 10_11_6) AppleWebKit/537.36 (KHTML, like Gecko) Chrome/58.0.3029.110 Safari/537.36"
::1 - - [22/May/2017:23:23:57 +0000] "GET /api/v1/counter HTTP/1.1" 200 102 "-" "Mozilla/5.0 (Macintosh; Intel Mac OS X 10_11_6) AppleWebKit/537.36 (KHTML, like Gecko) Chrome/58.0.3029.110 Safari/537.36"
::1 - - [22/May/2017:23:28:39 +0000] "GET /api/v1/counter HTTP/1.1" 304 - "-" "Mozilla/5.0 (Macintosh; Intel Mac OS X 10_11_6) AppleWebKit/537.36 (KHTML, like Gecko) Chrome/58.0.3029.110 Safari/537.36"
::1 - - [22/May/2017:23:28:50 +0000] "GET /api/v1/user/email/pabloselacome@gmail.com HTTP/1.1" 500 2092 "-" "Mozilla/5.0 (Macintosh; Intel Mac OS X 10_11_6) AppleWebKit/537.36 (KHTML, like Gecko) Chrome/58.0.3029.110 Safari/537.36"
::1 - - [22/May/2017:23:29:20 +0000] "GET /api/v1/user/email/pabloselacome@gmail.com HTTP/1.1" 200 260 "-" "Mozilla/5.0 (Macintosh; Intel Mac OS X 10_11_6) AppleWebKit/537.36 (KHTML, like Gecko) Chrome/58.0.3029.110 Safari/537.36"
::1 - - [22/May/2017:23:29:22 +0000] "GET /api/v1/user/email/pabloselacome@gmail.com HTTP/1.1" 304 - "-" "Mozilla/5.0 (Macintosh; Intel Mac OS X 10_11_6) AppleWebKit/537.36 (KHTML, like Gecko) Chrome/58.0.3029.110 Safari/537.36"
::1 - - [22/May/2017:23:29:30 +0000] "GET /api/v1/user HTTP/1.1" 304 - "-" "Mozilla/5.0 (Macintosh; Intel Mac OS X 10_11_6) AppleWebKit/537.36 (KHTML, like Gecko) Chrome/58.0.3029.110 Safari/537.36"
::1 - - [22/May/2017:23:29:47 +0000] "GET /api/v1/user/id/401900388 HTTP/1.1" 200 226 "-" "Mozilla/5.0 (Macintosh; Intel Mac OS X 10_11_6) AppleWebKit/537.36 (KHTML, like Gecko) Chrome/58.0.3029.110 Safari/537.36"
::1 - - [22/May/2017:23:42:26 +0000] "GET / HTTP/1.1" 304 - "-" "Mozilla/5.0 (Macintosh; Intel Mac OS X 10_11_6) AppleWebKit/537.36 (KHTML, like Gecko) Chrome/58.0.3029.110 Safari/537.36"
::1 - - [22/May/2017:23:42:27 +0000] "GET /favicon.ico HTTP/1.1" 404 24 "http://localhost:5000/" "Mozilla/5.0 (Macintosh; Intel Mac OS X 10_11_6) AppleWebKit/537.36 (KHTML, like Gecko) Chrome/58.0.3029.110 Safari/537.36"
::1 - - [22/May/2017:23:42:27 +0000] "GET / HTTP/1.1" 304 - "-" "Mozilla/5.0 (Macintosh; Intel Mac OS X 10_11_6) AppleWebKit/537.36 (KHTML, like Gecko) Chrome/58.0.3029.110 Safari/537.36"
::1 - - [22/May/2017:23:42:28 +0000] "GET /api/v1/user HTTP/1.1" 304 - "-" "Mozilla/5.0 (Macintosh; Intel Mac OS X 10_11_6) AppleWebKit/537.36 (KHTML, like Gecko) Chrome/58.0.3029.110 Safari/537.36"
::1 - - [22/May/2017:23:42:29 +0000] "GET /api/v1/counter HTTP/1.1" 304 - "-" "Mozilla/5.0 (Macintosh; Intel Mac OS X 10_11_6) AppleWebKit/537.36 (KHTML, like Gecko) Chrome/58.0.3029.110 Safari/537.36"
::1 - - [22/May/2017:23:42:29 +0000] "GET /api/v1/counter HTTP/1.1" 304 - "-" "Mozilla/5.0 (Macintosh; Intel Mac OS X 10_11_6) AppleWebKit/537.36 (KHTML, like Gecko) Chrome/58.0.3029.110 Safari/537.36"
::1 - - [30/May/2017:17:21:57 +0000] "GET / HTTP/1.1" 200 5165 "-" "Mozilla/5.0 (Macintosh; Intel Mac OS X 10_11_6) AppleWebKit/537.36 (KHTML, like Gecko) Chrome/58.0.3029.110 Safari/537.36"
::1 - - [30/May/2017:17:22:04 +0000] "DELETE /api/v1/bootstrapingUser HTTP/1.1" 200 23 "http://localhost:5000/" "Mozilla/5.0 (Macintosh; Intel Mac OS X 10_11_6) AppleWebKit/537.36 (KHTML, like Gecko) Chrome/58.0.3029.110 Safari/537.36"
::1 - - [30/May/2017:17:22:04 +0000] "DELETE /api/v1/bootstrapingCounter HTTP/1.1" 200 26 "http://localhost:5000/" "Mozilla/5.0 (Macintosh; Intel Mac OS X 10_11_6) AppleWebKit/537.36 (KHTML, like Gecko) Chrome/58.0.3029.110 Safari/537.36"
::1 - - [30/May/2017:17:22:06 +0000] "POST /api/v1/bootstrapingCounter HTTP/1.1" 200 56 "http://localhost:5000/" "Mozilla/5.0 (Macintosh; Intel Mac OS X 10_11_6) AppleWebKit/537.36 (KHTML, like Gecko) Chrome/58.0.3029.110 Safari/537.36"
::1 - - [30/May/2017:17:22:06 +0000] "POST /api/v1/bootstrapingCounter HTTP/1.1" 200 55 "http://localhost:5000/" "Mozilla/5.0 (Macintosh; Intel Mac OS X 10_11_6) AppleWebKit/537.36 (KHTML, like Gecko) Chrome/58.0.3029.110 Safari/537.36"
::1 - - [30/May/2017:17:22:06 +0000] "POST /api/v1/bootstrapingUser HTTP/1.1" 200 237 "http://localhost:5000/" "Mozilla/5.0 (Macintosh; Intel Mac OS X 10_11_6) AppleWebKit/537.36 (KHTML, like Gecko) Chrome/58.0.3029.110 Safari/537.36"
::1 - - [30/May/2017:17:22:06 +0000] "POST /api/v1/bootstrapingUser HTTP/1.1" 200 257 "http://localhost:5000/" "Mozilla/5.0 (Macintosh; Intel Mac OS X 10_11_6) AppleWebKit/537.36 (KHTML, like Gecko) Chrome/58.0.3029.110 Safari/537.36"
::1 - - [30/May/2017:17:22:06 +0000] "POST /api/v1/bootstrapingUser HTTP/1.1" 200 253 "http://localhost:5000/" "Mozilla/5.0 (Macintosh; Intel Mac OS X 10_11_6) AppleWebKit/537.36 (KHTML, like Gecko) Chrome/58.0.3029.110 Safari/537.36"
::1 - - [30/May/2017:17:22:06 +0000] "POST /api/v1/bootstrapingUser HTTP/1.1" 200 226 "http://localhost:5000/" "Mozilla/5.0 (Macintosh; Intel Mac OS X 10_11_6) AppleWebKit/537.36 (KHTML, like Gecko) Chrome/58.0.3029.110 Safari/537.36"
::1 - - [30/May/2017:17:22:14 +0000] "GET /api/v1/user/ HTTP/1.1" 200 951 "-" "Mozilla/5.0 (Macintosh; Intel Mac OS X 10_11_6) AppleWebKit/537.36 (KHTML, like Gecko) Chrome/58.0.3029.110 Safari/537.36"
::1 - - [30/May/2017:17:22:14 +0000] "POST /api/v1/bootstrapingUser HTTP/1.1" - - "http://localhost:5000/" "Mozilla/5.0 (Macintosh; Intel Mac OS X 10_11_6) AppleWebKit/537.36 (KHTML, like Gecko) Chrome/58.0.3029.110 Safari/537.36"
::1 - - [30/May/2017:17:22:14 +0000] "POST /api/v1/bootstrapingUser HTTP/1.1" - - "http://localhost:5000/" "Mozilla/5.0 (Macintosh; Intel Mac OS X 10_11_6) AppleWebKit/537.36 (KHTML, like Gecko) Chrome/58.0.3029.110 Safari/537.36"
::1 - - [30/May/2017:17:22:27 +0000] "GET / HTTP/1.1" 304 - "-" "Mozilla/5.0 (Macintosh; Intel Mac OS X 10_11_6) AppleWebKit/537.36 (KHTML, like Gecko) Chrome/58.0.3029.110 Safari/537.36"
::1 - - [30/May/2017:17:27:08 +0000] "GET /api/v1/user/202040576 HTTP/1.1" 404 34 "-" "Mozilla/5.0 (Macintosh; Intel Mac OS X 10_11_6) AppleWebKit/537.36 (KHTML, like Gecko) Chrome/58.0.3029.110 Safari/537.36"
::1 - - [30/May/2017:17:27:18 +0000] "GET /api/v1/user/id/202040576 HTTP/1.1" 200 237 "-" "Mozilla/5.0 (Macintosh; Intel Mac OS X 10_11_6) AppleWebKit/537.36 (KHTML, like Gecko) Chrome/58.0.3029.110 Safari/537.36"
::1 - - [30/May/2017:17:27:35 +0000] "GET /api/v1/user/ HTTP/1.1" 304 - "-" "Mozilla/5.0 (Macintosh; Intel Mac OS X 10_11_6) AppleWebKit/537.36 (KHTML, like Gecko) Chrome/58.0.3029.110 Safari/537.36"
::1 - - [30/May/2017:17:28:05 +0000] "GET /api/v1/user/email/ndrey_alfaro@gmail.com HTTP/1.1" 404 21 "-" "Mozilla/5.0 (Macintosh; Intel Mac OS X 10_11_6) AppleWebKit/537.36 (KHTML, like Gecko) Chrome/58.0.3029.110 Safari/537.36"
::1 - - [30/May/2017:17:28:12 +0000] "GET /api/v1/user/email/andrey_alfaro@gmail.com HTTP/1.1" 200 237 "-" "Mozilla/5.0 (Macintosh; Intel Mac OS X 10_11_6) AppleWebKit/537.36 (KHTML, like Gecko) Chrome/58.0.3029.110 Safari/537.36"
::1 - - [30/May/2017:19:13:13 +0000] "GET /api/v1/user/email/ HTTP/1.1" 404 31 "-" "Mozilla/5.0 (Macintosh; Intel Mac OS X 10_11_6) AppleWebKit/537.36 (KHTML, like Gecko) Chrome/58.0.3029.110 Safari/537.36"
::1 - - [30/May/2017:19:13:17 +0000] "GET /api/v1/user/email/ HTTP/1.1" 200 237 "-" "Mozilla/5.0 (Macintosh; Intel Mac OS X 10_11_6) AppleWebKit/537.36 (KHTML, like Gecko) Chrome/58.0.3029.110 Safari/537.36"
::1 - - [30/May/2017:19:19:01 +0000] "GET /api/v1/user/email/ HTTP/1.1" 304 - "-" "Mozilla/5.0 (Macintosh; Intel Mac OS X 10_11_6) AppleWebKit/537.36 (KHTML, like Gecko) Chrome/58.0.3029.110 Safari/537.36"
